<?xml version="1.0" encoding="UTF-8"?>
<!-- Generated by org.testng.reporters.JUnitXMLReporter -->
<testsuite ignored="0" hostname="Gopi-PC" failures="1" tests="2" name="Error Validation Test" time="38.366" errors="0" timestamp="2024-03-08T13:44:14 IST">
  <testcase classname="rahulshettyacademy.Tests.ErrorValidationsTest" name="errorLogin" time="0.978">
    <failure type="java.lang.AssertionError" message="expected [Incorrects email or password.] but found [Incorrect email or password.]">
      <![CDATA[java.lang.AssertionError: expected [Incorrects email or password.] but found [Incorrect email or password.]
at rahulshettyacademy.Tests.ErrorValidationsTest.errorLogin(ErrorValidationsTest.java:35)
at java.base/java.util.ArrayList.forEach(ArrayList.java:1511)
at java.base/java.util.concurrent.FutureTask.run(FutureTask.java:264)
at java.base/java.util.concurrent.ThreadPoolExecutor.runWorker(ThreadPoolExecutor.java:1136)
at java.base/java.util.concurrent.ThreadPoolExecutor$Worker.run(ThreadPoolExecutor.java:635)
at java.base/java.lang.Thread.run(Thread.java:840)
... Removed 24 stack frames]]>
    </failure>
  </testcase> <!-- errorLogin -->
  <testcase classname="rahulshettyacademy.Tests.ErrorValidationsTest" name="wrongProductValidation" time="4.383"/>
</testsuite> <!-- Error Validation Test -->
